This is pdfTeXk, Version 3.141592-1.40.3 (Web2C 7.5.6) (format=pdflatex 2007.5.18)  8 APR 2008 12:18
entering extended mode
 file:line:error style messages enabled.
 %&-line parsing enabled.
**thesis.tex
(./thesis.tex
LaTeX2e <2005/12/01>
Babel <v3.8h> and hyphenation patterns for english, usenglishmax, dumylang, noh
yphenation, arabic, basque, bulgarian, coptic, welsh, czech, slovak, german, ng
erman, danish, esperanto, spanish, catalan, galician, estonian, farsi, finnish,
 french, greek, monogreek, ancientgreek, croatian, hungarian, interlingua, ibyc
us, indonesian, icelandic, italian, latin, mongolian, dutch, norsk, polish, por
tuguese, pinyin, romanian, russian, slovenian, uppersorbian, serbian, swedish, 
turkish, ukenglish, ukrainian, loaded.
\@input{picommands.aux}
\openout2 = `picommands.aux'.

(./picommands.tex) (./reedthesis.cls
Document Class: reedthesis 2004/01/27 The Reed College Thesis Class
(/usr/local/texlive/2007/texmf-dist/tex/latex/base/book.cls
Document Class: book 2005/09/16 v1.4f Standard LaTeX document class
(/usr/local/texlive/2007/texmf-dist/tex/latex/base/bk12.clo
File: bk12.clo 2005/09/16 v1.4f Standard LaTeX file (size option)
)
\c@part=\count79
\c@chapter=\count80
\c@section=\count81
\c@subsection=\count82
\c@subsubsection=\count83
\c@paragraph=\count84
\c@subparagraph=\count85
\c@figure=\count86
\c@table=\count87
\abovecaptionskip=\skip41
\belowcaptionskip=\skip42
\bibindent=\dimen102
)
(/usr/local/texlive/2007/texmf-dist/tex/latex/fancyhdr/fancyhdr.sty
\fancy@headwidth=\skip43
\f@ncyO@elh=\skip44
\f@ncyO@erh=\skip45
\f@ncyO@olh=\skip46
\f@ncyO@orh=\skip47
\f@ncyO@elf=\skip48
\f@ncyO@erf=\skip49
\f@ncyO@olf=\skip50
\f@ncyO@orf=\skip51
)
(/usr/local/texlive/2007/texmf-dist/tex/latex/fancybox/fancybox.sty
Package: fancybox 2000/09/19 1.3

Style option: `fancybox' v1.3 <2000/09/19> (tvz)
\@fancybox=\box26
\shadowsize=\dimen103
\@Sbox=\box27
\do@VerbBox=\toks14
\the@fancyput=\toks15
\this@fancyput=\toks16
\EndVerbatimTokens=\toks17
\Verbatim@Outfile=\write3
\Verbatim@Infile=\read1
) (/usr/local/texlive/2007/texmf-dist/tex/latex/base/ifthen.sty
Package: ifthen 2001/05/26 v1.1c Standard LaTeX ifthen package (DPC)
)
(/usr/local/texlive/2007/texmf-dist/tex/latex/stmaryrd/stmaryrd.sty
Package: stmaryrd 1994/03/03 St Mary's Road symbol package
\symstmry=\mathgroup4
LaTeX Font Info:    Overwriting symbol font `stmry' in version `bold'
(Font)                  U/stmry/m/n --> U/stmry/b/n on input line 89.
)
(/usr/local/texlive/2007/texmf-dist/tex/latex/tools/xspace.sty
Package: xspace 2006/05/08 v1.12 Space after command names (DPC,MH)
)
(/usr/local/texlive/2007/texmf-dist/tex/latex/base/makeidx.sty
Package: makeidx 2000/03/29 v1.0m Standard LaTeX package
)
(/usr/local/texlive/2007/texmf-dist/tex/latex/base/exscale.sty
Package: exscale 1997/06/16 v2.1g Standard LaTeX package exscale
LaTeX Font Info:    Redeclaring symbol font `largesymbols' on input line 52.
LaTeX Font Info:    Overwriting symbol font `largesymbols' in version `normal'
(Font)                  OMX/cmex/m/n --> OMX/cmex/m/n on input line 52.
LaTeX Font Info:    Overwriting symbol font `largesymbols' in version `bold'
(Font)                  OMX/cmex/m/n --> OMX/cmex/m/n on input line 52.
\big@size=\dimen104
)
\@todowrite=\write4
\openout4 = `thesis.todo'.


./reedthesis.cls:297: Too many }'s.
l.297 }
       
You've closed more groups than you opened.
Such booboos are generally harmless, so keep going.

) (/usr/local/texlive/2007/texmf-dist/tex/latex/graphics/graphicx.sty
Package: graphicx 1999/02/16 v1.0f Enhanced LaTeX Graphics (DPC,SPQR)

(/usr/local/texlive/2007/texmf-dist/tex/latex/graphics/keyval.sty
Package: keyval 1999/03/16 v1.13 key=value parser (DPC)
\KV@toks@=\toks18
)
(/usr/local/texlive/2007/texmf-dist/tex/latex/graphics/graphics.sty
Package: graphics 2006/02/20 v1.0o Standard LaTeX Graphics (DPC,SPQR)

(/usr/local/texlive/2007/texmf-dist/tex/latex/graphics/trig.sty
Package: trig 1999/03/16 v1.09 sin cos tan (DPC)
)
(/usr/local/texlive/2007/texmf/tex/latex/config/graphics.cfg
File: graphics.cfg 2007/01/18 v1.5 graphics configuration of teTeX/TeXLive
)
Package graphics Info: Driver file: pdftex.def on input line 90.

(/usr/local/texlive/2007/texmf-dist/tex/latex/pdftex-def/pdftex.def
File: pdftex.def 2007/01/08 v0.04d Graphics/color for pdfTeX
\Gread@gobject=\count88
))
\Gin@req@height=\dimen105
\Gin@req@width=\dimen106
)
(/usr/local/texlive/2007/texmf-dist/tex/latex/base/latexsym.sty
Package: latexsym 1998/08/17 v2.2e Standard LaTeX package (lasy symbols)
\symlasy=\mathgroup5
LaTeX Font Info:    Overwriting symbol font `lasy' in version `bold'
(Font)                  U/lasy/m/n --> U/lasy/b/n on input line 47.
)
(/usr/local/texlive/2007/texmf-dist/tex/latex/amsfonts/amssymb.sty
Package: amssymb 2002/01/22 v2.2d

(/usr/local/texlive/2007/texmf-dist/tex/latex/amsfonts/amsfonts.sty
Package: amsfonts 2001/10/25 v2.2f
\@emptytoks=\toks19
\symAMSa=\mathgroup6
\symAMSb=\mathgroup7
LaTeX Font Info:    Overwriting math alphabet `\mathfrak' in version `bold'
(Font)                  U/euf/m/n --> U/euf/b/n on input line 132.
)
LaTeX Font Info:    Redeclaring math symbol \boxdot on input line 60.
)
(/usr/local/texlive/2007/texmf-dist/tex/latex/amscls/amsthm.sty
Package: amsthm 2004/08/06 v2.20
\thm@style=\toks20
\thm@bodyfont=\toks21
\thm@headfont=\toks22
\thm@notefont=\toks23
\thm@headpunct=\toks24
\thm@preskip=\skip52
\thm@postskip=\skip53
\thm@headsep=\skip54
\dth@everypar=\toks25
)
(/usr/local/texlive/2007/texmf-dist/tex/latex/amsmath/amsmath.sty
Package: amsmath 2000/07/18 v2.13 AMS math features
\@mathmargin=\skip55

For additional information on amsmath, use the `?' option.
(/usr/local/texlive/2007/texmf-dist/tex/latex/amsmath/amstext.sty
Package: amstext 2000/06/29 v2.01

(/usr/local/texlive/2007/texmf-dist/tex/latex/amsmath/amsgen.sty
File: amsgen.sty 1999/11/30 v2.0
\@emptytoks=\toks26
\ex@=\dimen107
))
(/usr/local/texlive/2007/texmf-dist/tex/latex/amsmath/amsbsy.sty
Package: amsbsy 1999/11/29 v1.2d
\pmbraise@=\dimen108
)
(/usr/local/texlive/2007/texmf-dist/tex/latex/amsmath/amsopn.sty
Package: amsopn 1999/12/14 v2.01 operator names
)
\inf@bad=\count89
LaTeX Info: Redefining \frac on input line 211.
\uproot@=\count90
\leftroot@=\count91
LaTeX Info: Redefining \overline on input line 307.
\classnum@=\count92
\DOTSCASE@=\count93
LaTeX Info: Redefining \ldots on input line 379.
LaTeX Info: Redefining \dots on input line 382.
LaTeX Info: Redefining \cdots on input line 467.
\Mathstrutbox@=\box28
\strutbox@=\box29
\big@size=\dimen109
LaTeX Font Info:    Redeclaring font encoding OML on input line 567.
LaTeX Font Info:    Redeclaring font encoding OMS on input line 568.
\macc@depth=\count94
\c@MaxMatrixCols=\count95
\dotsspace@=\muskip10
\c@parentequation=\count96
\dspbrk@lvl=\count97
\tag@help=\toks27
\row@=\count98
\column@=\count99
\maxfields@=\count100
\andhelp@=\toks28
\eqnshift@=\dimen110
\alignsep@=\dimen111
\tagshift@=\dimen112
\tagwidth@=\dimen113
\totwidth@=\dimen114
\lineht@=\dimen115
\@envbody=\toks29
\multlinegap=\skip56
\multlinetaggap=\skip57
\mathdisplay@stack=\toks30
LaTeX Info: Redefining \[ on input line 2666.
LaTeX Info: Redefining \] on input line 2667.
)
(/usr/local/texlive/2007/texmf-dist/tex/latex/tools/longtable.sty
Package: longtable 2004/02/01 v4.11 Multi-page Table package (DPC)
\LTleft=\skip58
\LTright=\skip59
\LTpre=\skip60
\LTpost=\skip61
\LTchunksize=\count101
\LTcapwidth=\dimen116
\LT@head=\box30
\LT@firsthead=\box31
\LT@foot=\box32
\LT@lastfoot=\box33
\LT@cols=\count102
\LT@rows=\count103
\c@LT@tables=\count104
\c@LT@chunks=\count105
\LT@p@ftn=\toks31
)
(/usr/local/texlive/2007/texmf-dist/tex/latex/booktabs/booktabs.sty
Package: booktabs 2005/03/16 v1.6180 publication quality tables
\heavyrulewidth=\dimen117
\lightrulewidth=\dimen118
\cmidrulewidth=\dimen119
\belowrulesep=\dimen120
\belowbottomsep=\dimen121
\aboverulesep=\dimen122
\abovetopsep=\dimen123
\cmidrulesep=\dimen124
\cmidrulekern=\dimen125
\defaultaddspace=\dimen126
\@cmidla=\count106
\@cmidlb=\count107
\@aboverulesep=\dimen127
\@belowrulesep=\dimen128
\@thisruleclass=\count108
\@lastruleclass=\count109
\@thisrulewidth=\dimen129
)
(/usr/local/texlive/2007/texmf-dist/tex/latex/setspace/setspace.sty
Package: setspace 2000/12/01 6.7 Contributed and Supported LaTeX2e package

Package: `setspace' 6.7 <2000/12/01>
) (/usr/local/texlive/2007/texmf-dist/tex/latex/ltxmisc/url.sty
\Urlmuskip=\muskip11
Package: url 2005/06/27  ver 3.2  Verb mode for urls, etc.
)
(/usr/local/texlive/2007/texmf-dist/tex/latex/float/float.sty
Package: float 2001/11/08 v1.3d Float enhancements (AL)
\c@float@type=\count110
\float@exts=\toks32
\float@box=\box34
\@float@everytoks=\toks33
\@floatcapt=\box35
)
(/usr/local/texlive/2007/texmf-dist/tex/latex/natbib/natbib.sty
Package: natbib 2007/02/05 8.0 (PWD)
\bibhang=\skip62
\bibsep=\skip63
LaTeX Info: Redefining \cite on input line 602.
\c@NAT@ctr=\count111
)
(/usr/local/texlive/2007/texmf-dist/tex/latex/multirow/multirow.sty
\bigstrutjot=\dimen130
)
(/usr/local/texlive/2007/texmf-dist/tex/latex/quotchap/quotchap.sty
Package: quotchap 1998/02/09 v0.9f Decorative Chapter Headings with Quotes

(/usr/local/texlive/2007/texmf-dist/tex/latex/graphics/color.sty
Package: color 2005/11/14 v1.0j Standard LaTeX Color (DPC)

(/usr/local/texlive/2007/texmf/tex/latex/config/color.cfg
File: color.cfg 2007/01/18 v1.5 color configuration of teTeX/TeXLive
)
Package color Info: Driver file: pdftex.def on input line 130.
)
\@quotebox=\box36
)
(/usr/local/texlive/2007/texmf-dist/tex/latex/titlesec/titlesec.sty
Package: titlesec 2005/01/22 v2.6 Sectioning titles
\ttl@box=\box37
\beforetitleunit=\skip64
\aftertitleunit=\skip65
\ttl@plus=\dimen131
\ttl@minus=\dimen132
\titlewidth=\dimen133
\titlewidthlast=\dimen134
\titlewidthfirst=\dimen135
)
\c@outputmode=\count112

(/usr/local/texlive/2007/texmf-dist/tex/latex/hyperref/hyperref.sty
Package: hyperref 2007/02/07 v6.75r Hypertext links for LaTeX
\@linkdim=\dimen136
\Hy@linkcounter=\count113
\Hy@pagecounter=\count114

(/usr/local/texlive/2007/texmf-dist/tex/latex/hyperref/pd1enc.def
File: pd1enc.def 2007/02/07 v6.75r Hyperref: PDFDocEncoding definition (HO)
)
(/usr/local/texlive/2007/texmf/tex/latex/config/hyperref.cfg
File: hyperref.cfg 2002/06/06 v1.2 hyperref configuration of TeXLive
)
(/usr/local/texlive/2007/texmf-dist/tex/latex/oberdiek/kvoptions.sty
Package: kvoptions 2006/08/22 v2.4 Connects package keyval with LaTeX options (
HO)
)
Package hyperref Info: Option `bookmarks' set `true' on input line 2238.
Package hyperref Info: Option `unicode' set `true' on input line 2238.

(/usr/local/texlive/2007/texmf-dist/tex/latex/hyperref/puenc.def
File: puenc.def 2007/02/07 v6.75r Hyperref: PDF Unicode definition (HO)
)
Package hyperref Info: Option `colorlinks' set `true' on input line 2238.


Package hyperref Warning: Token not allowed in a PDFDocEncoded string,
(hyperref)                removing `math shift' on input line 2238.


Package hyperref Warning: Token not allowed in a PDFDocEncoded string,
(hyperref)                removing `math shift' on input line 2238.

Package hyperref Info: Hyper figures OFF on input line 2288.
Package hyperref Info: Link nesting OFF on input line 2293.
Package hyperref Info: Hyper index ON on input line 2296.
Package hyperref Info: Plain pages OFF on input line 2303.
Package hyperref Info: Backreferencing OFF on input line 2308.
Implicit mode ON; LaTeX internals redefined
Package hyperref Info: Bookmarks ON on input line 2444.
LaTeX Info: Redefining \url on input line 2599.
\Fld@menulength=\count115
\Field@Width=\dimen137
\Fld@charsize=\dimen138
\Choice@toks=\toks34
\Field@toks=\toks35
Package hyperref Info: Hyper figures OFF on input line 3102.
Package hyperref Info: Link nesting OFF on input line 3107.
Package hyperref Info: Hyper index ON on input line 3110.
Package hyperref Info: backreferencing OFF on input line 3117.
Package hyperref Info: Link coloring ON on input line 3120.
\Hy@abspage=\count116
\c@Item=\count117
\c@Hfootnote=\count118
)
*hyperref using default driver hpdftex*
(/usr/local/texlive/2007/texmf-dist/tex/latex/hyperref/hpdftex.def
File: hpdftex.def 2007/02/07 v6.75r Hyperref driver for pdfTeX
\Fld@listcount=\count119
)
(./thesis.aux
./thesis.aux:47: Missing \endcsname inserted.
<to be read again> 
                   \alpha 
l.47 ...a $-equivalence\relax }{equation.2.2.5}{}}
                                                  
The control sequence marked <to be read again> should
not appear between \csname and \endcsname.


LaTeX Warning: Label `$\alpha $-equivalency' multiply defined.

./thesis.aux:47: Missing \endcsname inserted.
<to be read again> 
                   \alpha 
l.47 ...a $-equivalence\relax }{equation.2.2.5}{}}
                                                  
The control sequence marked <to be read again> should
not appear between \csname and \endcsname.

)
\openout1 = `thesis.aux'.

LaTeX Font Info:    Checking defaults for OML/cmm/m/it on input line 37.
LaTeX Font Info:    ... okay on input line 37.
LaTeX Font Info:    Checking defaults for T1/cmr/m/n on input line 37.
LaTeX Font Info:    ... okay on input line 37.
LaTeX Font Info:    Checking defaults for OT1/cmr/m/n on input line 37.
LaTeX Font Info:    ... okay on input line 37.
LaTeX Font Info:    Checking defaults for OMS/cmsy/m/n on input line 37.
LaTeX Font Info:    ... okay on input line 37.
LaTeX Font Info:    Checking defaults for OMX/cmex/m/n on input line 37.
LaTeX Font Info:    ... okay on input line 37.
LaTeX Font Info:    Checking defaults for U/cmr/m/n on input line 37.
LaTeX Font Info:    ... okay on input line 37.
LaTeX Font Info:    Checking defaults for PD1/pdf/m/n on input line 37.
LaTeX Font Info:    ... okay on input line 37.
LaTeX Font Info:    Checking defaults for PU/pdf/m/n on input line 37.
LaTeX Font Info:    ... okay on input line 37.
\@indexfile=\write5
\openout5 = `thesis.idx'.


Writing index file thesis.idx
Package color Info: Redefining color chaptergrey on input line 37.
(/usr/local/texlive/2007/texmf-dist/tex/context/base/supp-pdf.tex
[Loading MPS to PDF converter (version 2006.09.02).]
\scratchcounter=\count120
\scratchdimen=\dimen139
\scratchbox=\box38
\nofMPsegments=\count121
\nofMParguments=\count122
\MPscratchCnt=\count123
\MPscratchDim=\dimen140
\MPnumerator=\count124
\everyMPtoPDFconversion=\toks36
)
Package hyperref Info: Link coloring ON on input line 37.
 (/usr/local/texlive/2007/texmf-dist/tex/latex/hyperref/nameref.sty
Package: nameref 2006/12/27 v2.28 Cross-referencing by name of section

(/usr/local/texlive/2007/texmf-dist/tex/latex/oberdiek/refcount.sty
Package: refcount 2006/02/20 v3.0 Data extraction from references (HO)
)
\c@section@level=\count125
)
LaTeX Info: Redefining \ref on input line 37.
LaTeX Info: Redefining \pageref on input line 37.

(./thesis.out) (./thesis.out)
\@outlinefile=\write6
\openout6 = `thesis.out'.

LaTeX Font Info:    Try loading font information for U+stmry on input line 39.

(/usr/local/texlive/2007/texmf-dist/tex/latex/stmaryrd/Ustmry.fd)
LaTeX Font Info:    Try loading font information for U+lasy on input line 39.

(/usr/local/texlive/2007/texmf-dist/tex/latex/base/ulasy.fd
File: ulasy.fd 1998/08/17 v2.2e LaTeX symbol font definitions
)
LaTeX Font Info:    Try loading font information for U+msa on input line 39.

(/usr/local/texlive/2007/texmf-dist/tex/latex/amsfonts/umsa.fd
File: umsa.fd 2002/01/19 v2.2g AMS font definitions
)
LaTeX Font Info:    Try loading font information for U+msb on input line 39.

(/usr/local/texlive/2007/texmf-dist/tex/latex/amsfonts/umsb.fd
File: umsb.fd 2002/01/19 v2.2g AMS font definitions
) [1




{/usr/local/texlive/2007/texmf-var/fonts/map/pdftex/updmap/pdftex.map}] [2

]
LaTeX Font Info:    Try loading font information for T1+ppl on input line 42.

(/usr/local/texlive/2007/texmf-dist/tex/latex/psnfss/t1ppl.fd
File: t1ppl.fd 2001/06/04 font definitions for T1/ppl.
) (./thesis.toc)
\tf@toc=\write7
\openout7 = `thesis.toc'.


(./Chapters/front_matter.tex [1



] [2

]

Package hyperref Warning: The anchor of a bookmark and its parent's must not
(hyperref)                be the same. Added a new anchor on input line 9.


LaTeX Warning: Marginpar on page iii moved.

[3

]) [4

] (./Chapters/chap1_introduction.tex
Chapter 1.

Underfull \vbox (badness 10000) has occurred while \output is active []

pdfTeX warning (ext4): destination with the same identifier (name{page.1}) has 
been already used, duplicate ignored
<to be read again> 
                   \relax 
l.13 
     

Package Fancyhdr Warning: \headheight is too small (12.0pt): 
 Make it at least 14.49998pt.
 We now make it that large for the rest of the document.
 This may cause the page layout to be inconsistent, however.

[1


]) (./Chapters/chap2.texpdfTeX warning (ext4): destination with the same identi
fier (name{page.2}) has been already used, duplicate ignored
<to be read again> 
                   \relax 
l.3 \chapter
            {The \Picalc}\label{the picalc} [2]
Chapter 2.

Underfull \vbox (badness 4205) has occurred while \output is active []

 [3

]

LaTeX Warning: Marginpar on page 4 moved.

[4] [5]

Package hyperref Warning: Token not allowed in a PDFDocEncoded string,
(hyperref)                removing `math shift' on input line 87.


Package hyperref Warning: Token not allowed in a PDFDocEncoded string,
(hyperref)                removing `\alpha' on input line 87.


Package hyperref Warning: Token not allowed in a PDFDocEncoded string,
(hyperref)                removing `math shift' on input line 87.


LaTeX Warning: Marginpar on page 6 moved.

[6]

LaTeX Warning: Marginpar on page 7 moved.


LaTeX Warning: Marginpar on page 7 moved.

[7] [8] [9]

LaTeX Warning: Marginpar on page 10 moved.


Underfull \vbox (badness 1668) has occurred while \output is active []

 [10]
[11]
Overfull \hbox (3.40323pt too wide) in paragraph at lines 275--275
[][] 
 []

[12]
Underfull \hbox (badness 10000) in paragraph at lines 281--281
\OT1/cmr/bx/n/6 I won-der if
 []


Underfull \hbox (badness 10000) in paragraph at lines 281--281
\OT1/cmr/bx/n/6 these couldn't
 []


Underfull \hbox (badness 10000) in paragraph at lines 281--281
\OT1/cmr/bx/n/6 be sim-pli-fied
 []


Underfull \hbox (badness 5878) in paragraph at lines 281--281
\OT1/cmr/bx/n/6 by al-low-ing a
 []


Underfull \hbox (badness 6204) in paragraph at lines 281--281
\OT1/cmr/bx/n/6 tran-si-tion that
 []


Underfull \hbox (badness 10000) in paragraph at lines 281--281
\OT1/cmr/bx/n/6 hap-pens over
 []


Underfull \hbox (badness 10000) in paragraph at lines 281--281
\OT1/cmr/bx/n/6 the re-duc-tion
 []


Underfull \hbox (badness 10000) in paragraph at lines 281--281
\OT1/cmr/bx/n/6 se-man-tics?
 []


Underfull \hbox (badness 10000) in paragraph at lines 281--281
\OT1/cmr/bx/n/6 i can't find
 []


Underfull \hbox (badness 4084) in paragraph at lines 281--281
\OT1/cmr/bx/n/6 any-one in the
 []


Underfull \hbox (badness 10000) in paragraph at lines 281--281
\OT1/cmr/bx/n/6 lit-er-a-ture who
 []


Underfull \hbox (badness 2302) in paragraph at lines 281--281
\OT1/cmr/bx/n/6 seems like the
 []


Overfull \hbox (3.57642pt too wide) in paragraph at lines 284--302
 [] 
 []

) (./Chapters/chap3.tex [13]
Chapter 3.

LaTeX Warning: Hyper reference `Syntax' on page 14 undefined on input line 4.


LaTeX Warning: Reference `Syntax' on page 14 undefined on input line 4.


LaTeX Warning: Hyper reference `Separation Results' on page 14 undefined on inp
ut line 18.


LaTeX Warning: Reference `Separation Results' on page 14 undefined on input lin
e 18.


Underfull \hbox (badness 10000) in paragraph at lines 18--18
\OT1/cmr/bx/n/6 On sec-ond
 []


Underfull \hbox (badness 7981) in paragraph at lines 18--18
\OT1/cmr/bx/n/6 I might want
 []


Underfull \hbox (badness 10000) in paragraph at lines 18--18
\OT1/cmr/bx/n/6 to leave the
 []


Underfull \hbox (badness 10000) in paragraph at lines 18--18
\OT1/cmr/bx/n/6 ques-tion, for
 []


Underfull \hbox (badness 6493) in paragraph at lines 18--18
\OT1/cmr/bx/n/6 their cu-rios-ity,
 []

[14

] [15]
Underfull \hbox (badness 2020) in paragraph at lines 74--74
\OT1/cmr/bx/n/6 some-what triv-
 []


Underfull \hbox (badness 10000) in paragraph at lines 81--81
\OT1/cmr/bx/n/6 this ex-am-ple
 []


Underfull \hbox (badness 10000) in paragraph at lines 81--81
\OT1/cmr/bx/n/6 ac-tion se-man-
 []


Underfull \hbox (badness 10000) in paragraph at lines 81--81
\OT1/cmr/bx/n/6 chap-ter. I
 []


Underfull \hbox (badness 10000) in paragraph at lines 81--81
\OT1/cmr/bx/n/6 won-der also
 []


Underfull \hbox (badness 3977) in paragraph at lines 81--81
\OT1/cmr/bx/n/6 if I am right
 []


Underfull \hbox (badness 10000) in paragraph at lines 81--81
\OT1/cmr/bx/n/6 in think-ing
 []


Underfull \hbox (badness 10000) in paragraph at lines 81--81
\OT1/cmr/bx/n/6 bisim-u-la-tion
 []

[16]

LaTeX Warning: Marginpar on page 17 moved.


LaTeX Font Warning: Command \tiny invalid in math mode on input line 86.


Underfull \hbox (badness 10000) in paragraph at lines 103--103
\OT1/cmr/bx/n/6 When I try
 []


Underfull \hbox (badness 10000) in paragraph at lines 103--103
\OT1/cmr/bx/n/6 to re-fer to
 []


Underfull \hbox (badness 10000) in paragraph at lines 103--103
\OT1/cmr/bx/n/6 the la-bel
 []


Underfull \hbox (badness 10000) in paragraph at lines 103--103
\OML/cmm/m/it/6 $\OT1/cmr/bx/n/6 -equivalency
 []


Underfull \hbox (badness 10000) in paragraph at lines 103--103
\OT1/cmr/bx/n/6 here, things
 []


Underfull \hbox (badness 10000) in paragraph at lines 103--103
\OT1/cmr/bx/n/6 break. any
 []


Underfull \hbox (badness 10000) in paragraph at lines 103--103
\OT1/cmr/bx/n/6 this with-out
 []


Underfull \hbox (badness 10000) in paragraph at lines 103--103
\OT1/cmr/bx/n/6 re-engineering
 []


LaTeX Warning: Marginpar on page 17 moved.

)

LaTeX Warning: Marginpar on page 17 moved.

[17] [18] (./thesis.lof)
\tf@lof=\write8
\openout8 = `thesis.lof'.

 (./thesis.bbl [19


]) (./thesis.ind [20

] [21


])
(./thesis.aux
./thesis.aux:47: Missing \endcsname inserted.
<to be read again> 
                   \alpha 
l.47 ...a $-equivalence\relax }{equation.2.2.5}{}}
                                                  
The control sequence marked <to be read again> should
not appear between \csname and \endcsname.

)

LaTeX Warning: There were undefined references.


LaTeX Warning: There were multiply-defined labels.

 ) 
Here is how much of TeX's memory you used:
 6314 strings out of 94073
 79716 string characters out of 1162984
 143415 words of memory out of 1500000
 9344 multiletter control sequences out of 10000+50000
 22924 words of font info for 89 fonts, out of 1200000 for 2000
 645 hyphenation exceptions out of 8191
 28i,23n,45p,1041b,431s stack positions out of 5000i,500n,6000p,200000b,5000s
pdfTeX warning (dest): name{??} has been referenced but does not exist, repla
ced by a fixed one

{/usr/local/texlive/2007/texmf-dist/fonts/enc/dvips/base/8r.enc}</usr/local/tex
live/2007/texmf-dist/fonts/type1/bluesky/cm/cmbx12.pfb></usr/local/texlive/2007
/texmf-dist/fonts/type1/bluesky/cm/cmbx6.pfb></usr/local/texlive/2007/texmf-dis
t/fonts/type1/bluesky/cm/cmex10.pfb></usr/local/texlive/2007/texmf-dist/fonts/t
ype1/bluesky/cm/cmmi10.pfb></usr/local/texlive/2007/texmf-dist/fonts/type1/blue
sky/cm/cmmi12.pfb></usr/local/texlive/2007/texmf-dist/fonts/type1/bluesky/cm/cm
mi6.pfb></usr/local/texlive/2007/texmf-dist/fonts/type1/bluesky/cm/cmmi8.pfb></
usr/local/texlive/2007/texmf-dist/fonts/type1/bluesky/cm/cmr10.pfb></usr/local/
texlive/2007/texmf-dist/fonts/type1/bluesky/cm/cmr12.pfb></usr/local/texlive/20
07/texmf-dist/fonts/type1/bluesky/cm/cmr17.pfb></usr/local/texlive/2007/texmf-d
ist/fonts/type1/bluesky/cm/cmr6.pfb></usr/local/texlive/2007/texmf-dist/fonts/t
ype1/bluesky/cm/cmr7.pfb></usr/local/texlive/2007/texmf-dist/fonts/type1/bluesk
y/cm/cmr8.pfb></usr/local/texlive/2007/texmf-dist/fonts/type1/bluesky/cm/cmsl12
.pfb></usr/local/texlive/2007/texmf-dist/fonts/type1/bluesky/cm/cmssbx10.pfb></
usr/local/texlive/2007/texmf-dist/fonts/type1/bluesky/cm/cmsy10.pfb></usr/local
/texlive/2007/texmf-dist/fonts/type1/bluesky/cm/cmsy6.pfb></usr/local/texlive/2
007/texmf-dist/fonts/type1/bluesky/cm/cmsy8.pfb></usr/local/texlive/2007/texmf-
dist/fonts/type1/bluesky/cm/cmti10.pfb></usr/local/texlive/2007/texmf-dist/font
s/type1/bluesky/cm/cmti12.pfb></usr/local/texlive/2007/texmf-dist/fonts/type1/b
luesky/cm/cmti7.pfb></usr/local/texlive/2007/texmf-dist/fonts/type1/bluesky/lat
ex-fonts/lcircle1.pfb></usr/local/texlive/2007/texmf-dist/fonts/type1/bluesky/l
atex-fonts/lcirclew.pfb></usr/local/texlive/2007/texmf-dist/fonts/type1/bluesky
/ams/msam10.pfb></usr/local/texlive/2007/texmf-dist/fonts/type1/bluesky/ams/msb
m10.pfb></usr/local/texlive/2007/texmf-dist/fonts/type1/hoekwater/stmaryrd/stma
ry10.pfb></usr/local/texlive/2007/texmf-dist/fonts/type1/urw/palatino/uplb8a.pf
b>
Output written on thesis.pdf (27 pages, 278243 bytes).
PDF statistics:
 470 PDF objects out of 1000 (max. 8388607)
 100 named destinations out of 1000 (max. 131072)
 161 words of extra memory for PDF output out of 10000 (max. 10000000)

